This file contains any messages produced by compilers while
running configure, to aid debugging if configure makes a mistake.

It was created by mongo-c-driver configure 1.3.5, which was
generated by GNU Autoconf 2.69.  Invocation command line was

  $ ./configure 

## --------- ##
## Platform. ##
## --------- ##

hostname = localhost
uname -m = x86_64
uname -r = 3.11.0-15-generic
uname -s = Linux
uname -v = #25~precise1-Ubuntu SMP Thu Jan 30 17:39:31 UTC 2014

/usr/bin/uname -p = unknown
/bin/uname -X     = unknown

/bin/arch              = unknown
/usr/bin/arch -k       = unknown
/usr/convex/getsysinfo = unknown
/usr/bin/hostinfo      = unknown
/bin/machine           = unknown
/usr/bin/oslevel       = unknown
/bin/universe          = unknown

PATH: /usr/local/sbin
PATH: /usr/local/bin
PATH: /usr/sbin
PATH: /usr/bin
PATH: /sbin
PATH: /bin
PATH: /usr/games


## ----------- ##
## Core tests. ##
## ----------- ##

configure:2542: Current version (from VERSION_CURRENT file): 1.3.5
configure:2657: checking for gcc
configure:2673: found /usr/bin/gcc
configure:2684: result: gcc
configure:2913: checking for C compiler version
configure:2922: gcc --version >&5
gcc (Ubuntu/Linaro 4.6.3-1ubuntu5) 4.6.3
Copyright (C) 2011 Free Software Foundation, Inc.
This is free software; see the source for copying conditions.  There is NO
warranty; not even for MERCHANTABILITY or FITNESS FOR A PARTICULAR PURPOSE.

configure:2933: $? = 0
configure:2922: gcc -v >&5
Using built-in specs.
COLLECT_GCC=gcc
COLLECT_LTO_WRAPPER=/usr/lib/gcc/x86_64-linux-gnu/4.6/lto-wrapper
Target: x86_64-linux-gnu
Configured with: ../src/configure -v --with-pkgversion='Ubuntu/Linaro 4.6.3-1ubuntu5' --with-bugurl=file:///usr/share/doc/gcc-4.6/README.Bugs --enable-languages=c,c++,fortran,objc,obj-c++ --prefix=/usr --program-suffix=-4.6 --enable-shared --enable-linker-build-id --with-system-zlib --libexecdir=/usr/lib --without-included-gettext --enable-threads=posix --with-gxx-include-dir=/usr/include/c++/4.6 --libdir=/usr/lib --enable-nls --with-sysroot=/ --enable-clocale=gnu --enable-libstdcxx-debug --enable-libstdcxx-time=yes --enable-gnu-unique-object --enable-plugin --enable-objc-gc --disable-werror --with-arch-32=i686 --with-tune=generic --enable-checking=release --build=x86_64-linux-gnu --host=x86_64-linux-gnu --target=x86_64-linux-gnu
Thread model: posix
gcc version 4.6.3 (Ubuntu/Linaro 4.6.3-1ubuntu5) 
configure:2933: $? = 0
configure:2922: gcc -V >&5
gcc: error: unrecognized option '-V'
gcc: fatal error: no input files
compilation terminated.
configure:2933: $? = 4
configure:2922: gcc -qversion >&5
gcc: error: unrecognized option '-qversion'
gcc: fatal error: no input files
compilation terminated.
configure:2933: $? = 4
configure:2953: checking whether the C compiler works
configure:2975: gcc    conftest.c  >&5
configure:2979: $? = 0
configure:3027: result: yes
configure:3030: checking for C compiler default output file name
configure:3032: result: a.out
configure:3038: checking for suffix of executables
configure:3045: gcc -o conftest    conftest.c  >&5
configure:3049: $? = 0
configure:3071: result: 
configure:3093: checking whether we are cross compiling
configure:3101: gcc -o conftest    conftest.c  >&5
configure:3105: $? = 0
configure:3112: ./conftest
configure:3116: $? = 0
configure:3131: result: no
configure:3136: checking for suffix of object files
configure:3158: gcc -c   conftest.c >&5
configure:3162: $? = 0
configure:3183: result: o
configure:3187: checking whether we are using the GNU C compiler
configure:3206: gcc -c   conftest.c >&5
configure:3206: $? = 0
configure:3215: result: yes
configure:3224: checking whether gcc accepts -g
configure:3244: gcc -c -g  conftest.c >&5
configure:3244: $? = 0
configure:3285: result: yes
configure:3302: checking for gcc option to accept ISO C89
configure:3365: gcc  -c   conftest.c >&5
configure:3365: $? = 0
configure:3378: result: none needed
configure:3406: checking whether gcc understands -c and -o together
configure:3428: gcc -c conftest.c -o conftest2.o
configure:3431: $? = 0
configure:3428: gcc -c conftest.c -o conftest2.o
configure:3431: $? = 0
configure:3443: result: yes
configure:3518: checking for g++
configure:3534: found /usr/bin/g++
configure:3545: result: g++
configure:3572: checking for C++ compiler version
configure:3581: g++ --version >&5
g++ (Ubuntu/Linaro 4.6.3-1ubuntu5) 4.6.3
Copyright (C) 2011 Free Software Foundation, Inc.
This is free software; see the source for copying conditions.  There is NO
warranty; not even for MERCHANTABILITY or FITNESS FOR A PARTICULAR PURPOSE.

configure:3592: $? = 0
configure:3581: g++ -v >&5
Using built-in specs.
COLLECT_GCC=g++
COLLECT_LTO_WRAPPER=/usr/lib/gcc/x86_64-linux-gnu/4.6/lto-wrapper
Target: x86_64-linux-gnu
Configured with: ../src/configure -v --with-pkgversion='Ubuntu/Linaro 4.6.3-1ubuntu5' --with-bugurl=file:///usr/share/doc/gcc-4.6/README.Bugs --enable-languages=c,c++,fortran,objc,obj-c++ --prefix=/usr --program-suffix=-4.6 --enable-shared --enable-linker-build-id --with-system-zlib --libexecdir=/usr/lib --without-included-gettext --enable-threads=posix --with-gxx-include-dir=/usr/include/c++/4.6 --libdir=/usr/lib --enable-nls --with-sysroot=/ --enable-clocale=gnu --enable-libstdcxx-debug --enable-libstdcxx-time=yes --enable-gnu-unique-object --enable-plugin --enable-objc-gc --disable-werror --with-arch-32=i686 --with-tune=generic --enable-checking=release --build=x86_64-linux-gnu --host=x86_64-linux-gnu --target=x86_64-linux-gnu
Thread model: posix
gcc version 4.6.3 (Ubuntu/Linaro 4.6.3-1ubuntu5) 
configure:3592: $? = 0
configure:3581: g++ -V >&5
g++: error: unrecognized option '-V'
g++: fatal error: no input files
compilation terminated.
configure:3592: $? = 4
configure:3581: g++ -qversion >&5
g++: error: unrecognized option '-qversion'
g++: fatal error: no input files
compilation terminated.
configure:3592: $? = 4
configure:3596: checking whether we are using the GNU C++ compiler
configure:3615: g++ -c   conftest.cpp >&5
configure:3615: $? = 0
configure:3624: result: yes
configure:3633: checking whether g++ accepts -g
configure:3653: g++ -c -g  conftest.cpp >&5
configure:3653: $? = 0
configure:3694: result: yes
configure:3750: gcc -c   conftest.c >&5
configure:3750: $? = 0
configure:3774: gcc -c   conftest.c >&5
configure:3774: $? = 0
configure:3793: gcc -c   conftest.c >&5
conftest.c:11:2: error: #error Not a supported Sun compiler
configure:3793: $? = 1
configure: failed program was:
| /* confdefs.h */
| #define PACKAGE_NAME "mongo-c-driver"
| #define PACKAGE_TARNAME "mongo-c-driver"
| #define PACKAGE_VERSION "1.3.5"
| #define PACKAGE_STRING "mongo-c-driver 1.3.5"
| #define PACKAGE_BUGREPORT "https://jira.mongodb.org/browse/CDRIVER"
| #define PACKAGE_URL ""
| /* end confdefs.h.  */
| 
| #if !(defined(__SUNPRO_C))
| #error Not a supported Sun compiler
| #endif
| 
| int
| main ()
| {
| 
|   ;
|   return 0;
| }
configure:3826: gcc -c   conftest.c >&5
configure:3826: $? = 0
configure:3834: checking for an ANSI C-conforming const
configure:3900: gcc -c   conftest.c >&5
configure:3900: $? = 0
configure:3907: result: yes
configure:3915: checking for inline
configure:3931: gcc -c   conftest.c >&5
configure:3931: $? = 0
configure:3939: result: inline
configure:3958: checking for typeof syntax and keyword spelling
configure:3989: gcc -c   conftest.c >&5
configure:3989: $? = 0
configure:3996: result: typeof
configure:4014: checking for perl
configure:4032: found /usr/bin/perl
configure:4044: result: /usr/bin/perl
configure:4058: checking for mv
configure:4076: found /bin/mv
configure:4088: result: /bin/mv
configure:4102: checking for grep
configure:4120: found /bin/grep
configure:4132: result: /bin/grep
configure:4147: checking for yelp-build
configure:4180: result: no
configure:4200: checking for a BSD-compatible install
configure:4268: result: /usr/bin/install -c
configure:4285: checking build system type
configure:4299: result: x86_64-unknown-linux-gnu
configure:4319: checking host system type
configure:4332: result: x86_64-unknown-linux-gnu
configure:4398: checking target system type
configure:4411: result: x86_64-unknown-linux-gnu
configure:4852: checking how to print strings
configure:4879: result: printf
configure:4900: checking for a sed that does not truncate output
configure:4964: result: /bin/sed
configure:4982: checking for grep that handles long lines and -e
configure:5040: result: /bin/grep
configure:5045: checking for egrep
configure:5107: result: /bin/grep -E
configure:5112: checking for fgrep
configure:5174: result: /bin/grep -F
configure:5209: checking for ld used by gcc
configure:5276: result: /usr/bin/ld
configure:5283: checking if the linker (/usr/bin/ld) is GNU ld
configure:5298: result: yes
configure:5310: checking for BSD- or MS-compatible name lister (nm)
configure:5359: result: /usr/bin/nm -B
configure:5489: checking the name lister (/usr/bin/nm -B) interface
configure:5496: gcc -c   conftest.c >&5
configure:5499: /usr/bin/nm -B "conftest.o"
configure:5502: output
0000000000000000 B some_variable
configure:5509: result: BSD nm
configure:5512: checking whether ln -s works
configure:5516: result: yes
configure:5524: checking the maximum length of command line arguments
configure:5655: result: 1572864
configure:5672: checking whether the shell understands some XSI constructs
configure:5682: result: yes
configure:5686: checking whether the shell understands "+="
configure:5692: result: yes
configure:5727: checking how to convert x86_64-unknown-linux-gnu file names to x86_64-unknown-linux-gnu format
configure:5767: result: func_convert_file_noop
configure:5774: checking how to convert x86_64-unknown-linux-gnu file names to toolchain format
configure:5794: result: func_convert_file_noop
configure:5801: checking for /usr/bin/ld option to reload object files
configure:5808: result: -r
configure:5882: checking for objdump
configure:5909: result: objdump
configure:5938: checking how to recognize dependent libraries
configure:6136: result: pass_all
configure:6221: checking for dlltool
configure:6248: result: dlltool
configure:6278: checking how to associate runtime and link libraries
configure:6305: result: printf %s\n
configure:6365: checking for ar
configure:6381: found /usr/bin/ar
configure:6392: result: ar
configure:6429: checking for archiver @FILE support
configure:6446: gcc -c   conftest.c >&5
configure:6446: $? = 0
configure:6449: ar cru libconftest.a @conftest.lst >&5
configure:6452: $? = 0
configure:6457: ar cru libconftest.a @conftest.lst >&5
ar: conftest.o: No such file or directory
configure:6460: $? = 1
configure:6472: result: @
configure:6530: checking for strip
configure:6546: found /usr/bin/strip
configure:6557: result: strip
configure:6629: checking for ranlib
configure:6645: found /usr/bin/ranlib
configure:6656: result: ranlib
configure:6733: checking for gawk
configure:6763: result: no
configure:6733: checking for mawk
configure:6749: found /usr/bin/mawk
configure:6760: result: mawk
configure:6800: checking command to parse /usr/bin/nm -B output from gcc object
configure:6920: gcc -c   conftest.c >&5
configure:6923: $? = 0
configure:6927: /usr/bin/nm -B conftest.o \| sed -n -e 's/^.*[ ]\([ABCDGIRSTW][ABCDGIRSTW]*\)[ ][ ]*\([_A-Za-z][_A-Za-z0-9]*\)$/\1 \2 \2/p' | sed '/ __gnu_lto/d' \> conftest.nm
configure:6930: $? = 0
configure:6996: gcc -o conftest    conftest.c conftstm.o >&5
configure:6999: $? = 0
configure:7037: result: ok
configure:7074: checking for sysroot
configure:7104: result: no
configure:7181: gcc -c   conftest.c >&5
configure:7184: $? = 0
configure:7373: checking for mt
configure:7389: found /bin/mt
configure:7400: result: mt
configure:7423: checking if mt is a manifest tool
configure:7429: mt '-?'
configure:7437: result: no
configure:8079: checking how to run the C preprocessor
configure:8110: gcc -E  conftest.c
configure:8110: $? = 0
configure:8124: gcc -E  conftest.c
conftest.c:10:28: fatal error: ac_nonexistent.h: No such file or directory
compilation terminated.
configure:8124: $? = 1
configure: failed program was:
| /* confdefs.h */
| #define PACKAGE_NAME "mongo-c-driver"
| #define PACKAGE_TARNAME "mongo-c-driver"
| #define PACKAGE_VERSION "1.3.5"
| #define PACKAGE_STRING "mongo-c-driver 1.3.5"
| #define PACKAGE_BUGREPORT "https://jira.mongodb.org/browse/CDRIVER"
| #define PACKAGE_URL ""
| #define HAVE_TYPEOF 1
| /* end confdefs.h.  */
| #include <ac_nonexistent.h>
configure:8149: result: gcc -E
configure:8169: gcc -E  conftest.c
configure:8169: $? = 0
configure:8183: gcc -E  conftest.c
conftest.c:10:28: fatal error: ac_nonexistent.h: No such file or directory
compilation terminated.
configure:8183: $? = 1
configure: failed program was:
| /* confdefs.h */
| #define PACKAGE_NAME "mongo-c-driver"
| #define PACKAGE_TARNAME "mongo-c-driver"
| #define PACKAGE_VERSION "1.3.5"
| #define PACKAGE_STRING "mongo-c-driver 1.3.5"
| #define PACKAGE_BUGREPORT "https://jira.mongodb.org/browse/CDRIVER"
| #define PACKAGE_URL ""
| #define HAVE_TYPEOF 1
| /* end confdefs.h.  */
| #include <ac_nonexistent.h>
configure:8212: checking for ANSI C header files
configure:8232: gcc -c   conftest.c >&5
configure:8232: $? = 0
configure:8305: gcc -o conftest    conftest.c  >&5
configure:8305: $? = 0
configure:8305: ./conftest
configure:8305: $? = 0
configure:8316: result: yes
configure:8329: checking for sys/types.h
configure:8329: gcc -c   conftest.c >&5
configure:8329: $? = 0
configure:8329: result: yes
configure:8329: checking for sys/stat.h
configure:8329: gcc -c   conftest.c >&5
configure:8329: $? = 0
configure:8329: result: yes
configure:8329: checking for stdlib.h
configure:8329: gcc -c   conftest.c >&5
configure:8329: $? = 0
configure:8329: result: yes
configure:8329: checking for string.h
configure:8329: gcc -c   conftest.c >&5
configure:8329: $? = 0
configure:8329: result: yes
configure:8329: checking for memory.h
configure:8329: gcc -c   conftest.c >&5
configure:8329: $? = 0
configure:8329: result: yes
configure:8329: checking for strings.h
configure:8329: gcc -c   conftest.c >&5
configure:8329: $? = 0
configure:8329: result: yes
configure:8329: checking for inttypes.h
configure:8329: gcc -c   conftest.c >&5
configure:8329: $? = 0
configure:8329: result: yes
configure:8329: checking for stdint.h
configure:8329: gcc -c   conftest.c >&5
configure:8329: $? = 0
configure:8329: result: yes
configure:8329: checking for unistd.h
configure:8329: gcc -c   conftest.c >&5
configure:8329: $? = 0
configure:8329: result: yes
configure:8343: checking for dlfcn.h
configure:8343: gcc -c   conftest.c >&5
configure:8343: $? = 0
configure:8343: result: yes
configure:8528: checking for objdir
configure:8543: result: .libs
configure:8814: checking if gcc supports -fno-rtti -fno-exceptions
configure:8832: gcc -c   -fno-rtti -fno-exceptions conftest.c >&5
cc1: warning: command line option '-fno-rtti' is valid for C++/ObjC++ but not for C [enabled by default]
configure:8836: $? = 0
configure:8849: result: no
configure:9176: checking for gcc option to produce PIC
configure:9183: result: -fPIC -DPIC
configure:9191: checking if gcc PIC flag -fPIC -DPIC works
configure:9209: gcc -c   -fPIC -DPIC -DPIC conftest.c >&5
configure:9213: $? = 0
configure:9226: result: yes
configure:9255: checking if gcc static flag -static works
configure:9283: result: yes
configure:9298: checking if gcc supports -c -o file.o
configure:9319: gcc -c   -o out/conftest2.o conftest.c >&5
configure:9323: $? = 0
configure:9345: result: yes
configure:9353: checking if gcc supports -c -o file.o
configure:9400: result: yes
configure:9433: checking whether the gcc linker (/usr/bin/ld -m elf_x86_64) supports shared libraries
configure:10590: result: yes
configure:10627: checking whether -lc should be explicitly linked in
configure:10635: gcc -c   conftest.c >&5
configure:10638: $? = 0
configure:10653: gcc -shared  -fPIC -DPIC conftest.o  -v -Wl,-soname -Wl,conftest -o conftest 2\>\&1 \| /bin/grep  -lc  \>/dev/null 2\>\&1
configure:10656: $? = 0
configure:10670: result: no
configure:10830: checking dynamic linker characteristics
configure:11330: gcc -o conftest    -Wl,-rpath -Wl,/foo conftest.c  >&5
configure:11330: $? = 0
configure:11564: result: GNU/Linux ld.so
configure:11671: checking how to hardcode library paths into programs
configure:11696: result: immediate
configure:12236: checking whether stripping libraries is possible
configure:12241: result: yes
configure:12276: checking if libtool supports shared libraries
configure:12278: result: yes
configure:12281: checking whether to build shared libraries
configure:12302: result: yes
configure:12305: checking whether to build static libraries
configure:12309: result: no
configure:12332: checking how to run the C++ preprocessor
configure:12359: g++ -E  conftest.cpp
configure:12359: $? = 0
configure:12373: g++ -E  conftest.cpp
conftest.cpp:22:28: fatal error: ac_nonexistent.h: No such file or directory
compilation terminated.
configure:12373: $? = 1
configure: failed program was:
| /* confdefs.h */
| #define PACKAGE_NAME "mongo-c-driver"
| #define PACKAGE_TARNAME "mongo-c-driver"
| #define PACKAGE_VERSION "1.3.5"
| #define PACKAGE_STRING "mongo-c-driver 1.3.5"
| #define PACKAGE_BUGREPORT "https://jira.mongodb.org/browse/CDRIVER"
| #define PACKAGE_URL ""
| #define HAVE_TYPEOF 1
| #define STDC_HEADERS 1
| #define HAVE_SYS_TYPES_H 1
| #define HAVE_SYS_STAT_H 1
| #define HAVE_STDLIB_H 1
| #define HAVE_STRING_H 1
| #define HAVE_MEMORY_H 1
| #define HAVE_STRINGS_H 1
| #define HAVE_INTTYPES_H 1
| #define HAVE_STDINT_H 1
| #define HAVE_UNISTD_H 1
| #define HAVE_DLFCN_H 1
| #define LT_OBJDIR ".libs/"
| /* end confdefs.h.  */
| #include <ac_nonexistent.h>
configure:12398: result: g++ -E
configure:12418: g++ -E  conftest.cpp
configure:12418: $? = 0
configure:12432: g++ -E  conftest.cpp
conftest.cpp:22:28: fatal error: ac_nonexistent.h: No such file or directory
compilation terminated.
configure:12432: $? = 1
configure: failed program was:
| /* confdefs.h */
| #define PACKAGE_NAME "mongo-c-driver"
| #define PACKAGE_TARNAME "mongo-c-driver"
| #define PACKAGE_VERSION "1.3.5"
| #define PACKAGE_STRING "mongo-c-driver 1.3.5"
| #define PACKAGE_BUGREPORT "https://jira.mongodb.org/browse/CDRIVER"
| #define PACKAGE_URL ""
| #define HAVE_TYPEOF 1
| #define STDC_HEADERS 1
| #define HAVE_SYS_TYPES_H 1
| #define HAVE_SYS_STAT_H 1
| #define HAVE_STDLIB_H 1
| #define HAVE_STRING_H 1
| #define HAVE_MEMORY_H 1
| #define HAVE_STRINGS_H 1
| #define HAVE_INTTYPES_H 1
| #define HAVE_STDINT_H 1
| #define HAVE_UNISTD_H 1
| #define HAVE_DLFCN_H 1
| #define LT_OBJDIR ".libs/"
| /* end confdefs.h.  */
| #include <ac_nonexistent.h>
configure:12601: checking for ld used by g++
configure:12668: result: /usr/bin/ld -m elf_x86_64
configure:12675: checking if the linker (/usr/bin/ld -m elf_x86_64) is GNU ld
configure:12690: result: yes
configure:12745: checking whether the g++ linker (/usr/bin/ld -m elf_x86_64) supports shared libraries
configure:13747: result: yes
configure:13783: g++ -c   conftest.cpp >&5
configure:13786: $? = 0
configure:14306: checking for g++ option to produce PIC
configure:14313: result: -fPIC -DPIC
configure:14321: checking if g++ PIC flag -fPIC -DPIC works
configure:14339: g++ -c   -fPIC -DPIC -DPIC conftest.cpp >&5
configure:14343: $? = 0
configure:14356: result: yes
configure:14379: checking if g++ static flag -static works
configure:14407: result: yes
configure:14419: checking if g++ supports -c -o file.o
configure:14440: g++ -c   -o out/conftest2.o conftest.cpp >&5
configure:14444: $? = 0
configure:14466: result: yes
configure:14471: checking if g++ supports -c -o file.o
configure:14518: result: yes
configure:14548: checking whether the g++ linker (/usr/bin/ld -m elf_x86_64) supports shared libraries
configure:14587: result: yes
configure:14728: checking dynamic linker characteristics
configure:15396: result: GNU/Linux ld.so
configure:15449: checking how to hardcode library paths into programs
configure:15474: result: immediate
configure:15538: checking whether to do a debug build
configure:15547: result: no
configure:15550: checking whether to enable tracing
configure:15559: result: no
configure:15562: checking whether to automatic init and cleanup
configure:15571: result: yes
configure:15574: checking whether to enable optimized builds
configure:15589: result: yes
configure:15592: checking whether to enable shared memory performance counters
configure:15601: result: yes
configure:15604: checking whether to enable code coverage support
configure:15613: result: no
configure:15616: checking whether to enable debug symbols
configure:15637: result: no
configure:15776: checking for pkg-config
configure:15794: found /usr/bin/pkg-config
configure:15806: result: /usr/bin/pkg-config
configure:15831: checking pkg-config is at least version 0.9.0
configure:15834: result: yes
configure:15846: checking for SASL
configure:15853: $PKG_CONFIG --exists --print-errors "libsasl2"
Package libsasl2 was not found in the pkg-config search path.
Perhaps you should add the directory containing `libsasl2.pc'
to the PKG_CONFIG_PATH environment variable
No package 'libsasl2' found
configure:15856: $? = 1
configure:15870: $PKG_CONFIG --exists --print-errors "libsasl2"
Package libsasl2 was not found in the pkg-config search path.
Perhaps you should add the directory containing `libsasl2.pc'
to the PKG_CONFIG_PATH environment variable
No package 'libsasl2' found
configure:15873: $? = 1
configure:15887: result: no
No package 'libsasl2' found
configure:15906: checking for sasl_client_init in -lsasl2
configure:15931: gcc -o conftest    conftest.c -lsasl2   >&5
configure:15931: $? = 0
configure:15940: result: yes
configure:15948: checking for sasl_client_init in -lsasl
configure:15973: gcc -o conftest    conftest.c -lsasl   >&5
/usr/bin/ld: cannot find -lsasl
collect2: ld returned 1 exit status
configure:15973: $? = 1
configure: failed program was:
| /* confdefs.h */
| #define PACKAGE_NAME "mongo-c-driver"
| #define PACKAGE_TARNAME "mongo-c-driver"
| #define PACKAGE_VERSION "1.3.5"
| #define PACKAGE_STRING "mongo-c-driver 1.3.5"
| #define PACKAGE_BUGREPORT "https://jira.mongodb.org/browse/CDRIVER"
| #define PACKAGE_URL ""
| #define HAVE_TYPEOF 1
| #define STDC_HEADERS 1
| #define HAVE_SYS_TYPES_H 1
| #define HAVE_SYS_STAT_H 1
| #define HAVE_STDLIB_H 1
| #define HAVE_STRING_H 1
| #define HAVE_MEMORY_H 1
| #define HAVE_STRINGS_H 1
| #define HAVE_INTTYPES_H 1
| #define HAVE_STDINT_H 1
| #define HAVE_UNISTD_H 1
| #define HAVE_DLFCN_H 1
| #define LT_OBJDIR ".libs/"
| /* end confdefs.h.  */
| 
| /* Override any GCC internal prototype to avoid an error.
|    Use char because int might match the return type of a GCC
|    builtin and then its argument prototype would still apply.  */
| #ifdef __cplusplus
| extern "C"
| #endif
| char sasl_client_init ();
| int
| main ()
| {
| return sasl_client_init ();
|   ;
|   return 0;
| }
configure:15982: result: no
configure:15994: checking sasl/sasl.h usability
configure:15994: gcc -c   conftest.c >&5
configure:15994: $? = 0
configure:15994: result: yes
configure:15994: checking sasl/sasl.h presence
configure:15994: gcc -E  conftest.c
configure:15994: $? = 0
configure:15994: result: yes
configure:15994: checking for sasl/sasl.h
configure:15994: result: yes
configure:16161: checking for sasl_client_done in -lsasl2
configure:16186: gcc -o conftest    conftest.c -lsasl2   >&5
configure:16186: $? = 0
configure:16195: result: yes
configure:16231: checking for SSL
configure:16238: $PKG_CONFIG --exists --print-errors "openssl"
configure:16241: $? = 0
configure:16255: $PKG_CONFIG --exists --print-errors "openssl"
configure:16258: $? = 0
configure:16536: result: yes
configure:16576: checking for BSON
configure:16583: $PKG_CONFIG --exists --print-errors "libbson-1.0 >= $MONGOC_RELEASED_VERSION"
Package libbson-1.0 was not found in the pkg-config search path.
Perhaps you should add the directory containing `libbson-1.0.pc'
to the PKG_CONFIG_PATH environment variable
No package 'libbson-1.0' found
configure:16586: $? = 1
configure:16600: $PKG_CONFIG --exists --print-errors "libbson-1.0 >= $MONGOC_RELEASED_VERSION"
Package libbson-1.0 was not found in the pkg-config search path.
Perhaps you should add the directory containing `libbson-1.0.pc'
to the PKG_CONFIG_PATH environment variable
No package 'libbson-1.0' found
configure:16603: $? = 1
configure:16617: result: no
No package 'libbson-1.0' found
configure:16658: checking for shm_open
configure:16658: gcc -o conftest    conftest.c  >&5
/tmp/ccKExRRy.o: In function `main':
conftest.c:(.text+0xa): undefined reference to `shm_open'
collect2: ld returned 1 exit status
configure:16658: $? = 1
configure: failed program was:
| /* confdefs.h */
| #define PACKAGE_NAME "mongo-c-driver"
| #define PACKAGE_TARNAME "mongo-c-driver"
| #define PACKAGE_VERSION "1.3.5"
| #define PACKAGE_STRING "mongo-c-driver 1.3.5"
| #define PACKAGE_BUGREPORT "https://jira.mongodb.org/browse/CDRIVER"
| #define PACKAGE_URL ""
| #define HAVE_TYPEOF 1
| #define STDC_HEADERS 1
| #define HAVE_SYS_TYPES_H 1
| #define HAVE_SYS_STAT_H 1
| #define HAVE_STDLIB_H 1
| #define HAVE_STRING_H 1
| #define HAVE_MEMORY_H 1
| #define HAVE_STRINGS_H 1
| #define HAVE_INTTYPES_H 1
| #define HAVE_STDINT_H 1
| #define HAVE_UNISTD_H 1
| #define HAVE_DLFCN_H 1
| #define LT_OBJDIR ".libs/"
| /* end confdefs.h.  */
| /* Define shm_open to an innocuous variant, in case <limits.h> declares shm_open.
|    For example, HP-UX 11i <limits.h> declares gettimeofday.  */
| #define shm_open innocuous_shm_open
| 
| /* System header to define __stub macros and hopefully few prototypes,
|     which can conflict with char shm_open (); below.
|     Prefer <limits.h> to <assert.h> if __STDC__ is defined, since
|     <limits.h> exists even on freestanding compilers.  */
| 
| #ifdef __STDC__
| # include <limits.h>
| #else
| # include <assert.h>
| #endif
| 
| #undef shm_open
| 
| /* Override any GCC internal prototype to avoid an error.
|    Use char because int might match the return type of a GCC
|    builtin and then its argument prototype would still apply.  */
| #ifdef __cplusplus
| extern "C"
| #endif
| char shm_open ();
| /* The GNU C library defines this for functions which it implements
|     to always fail with ENOSYS.  Some functions are actually named
|     something starting with __ and the normal name is an alias.  */
| #if defined __stub_shm_open || defined __stub___shm_open
| choke me
| #endif
| 
| int
| main ()
| {
| return shm_open ();
|   ;
|   return 0;
| }
configure:16658: result: no
configure:16665: checking for shm_open in -lrt
configure:16690: gcc -o conftest    conftest.c -lrt   >&5
configure:16690: $? = 0
configure:16699: result: yes
configure:16715: checking for sched_getcpu
configure:16715: gcc -o conftest    conftest.c  >&5
configure:16715: $? = 0
configure:16715: result: yes
configure:16726: checking for library containing clock_gettime
configure:16757: gcc -o conftest    conftest.c  >&5
/tmp/ccLTB52x.o: In function `main':
conftest.c:(.text+0xa): undefined reference to `clock_gettime'
collect2: ld returned 1 exit status
configure:16757: $? = 1
configure: failed program was:
| /* confdefs.h */
| #define PACKAGE_NAME "mongo-c-driver"
| #define PACKAGE_TARNAME "mongo-c-driver"
| #define PACKAGE_VERSION "1.3.5"
| #define PACKAGE_STRING "mongo-c-driver 1.3.5"
| #define PACKAGE_BUGREPORT "https://jira.mongodb.org/browse/CDRIVER"
| #define PACKAGE_URL ""
| #define HAVE_TYPEOF 1
| #define STDC_HEADERS 1
| #define HAVE_SYS_TYPES_H 1
| #define HAVE_SYS_STAT_H 1
| #define HAVE_STDLIB_H 1
| #define HAVE_STRING_H 1
| #define HAVE_MEMORY_H 1
| #define HAVE_STRINGS_H 1
| #define HAVE_INTTYPES_H 1
| #define HAVE_STDINT_H 1
| #define HAVE_UNISTD_H 1
| #define HAVE_DLFCN_H 1
| #define LT_OBJDIR ".libs/"
| #define HAVE_SCHED_GETCPU 1
| /* end confdefs.h.  */
| 
| /* Override any GCC internal prototype to avoid an error.
|    Use char because int might match the return type of a GCC
|    builtin and then its argument prototype would still apply.  */
| #ifdef __cplusplus
| extern "C"
| #endif
| char clock_gettime ();
| int
| main ()
| {
| return clock_gettime ();
|   ;
|   return 0;
| }
configure:16757: gcc -o conftest    conftest.c -lrt   >&5
configure:16757: $? = 0
configure:16774: result: -lrt
configure:16910: checking if compiler needs -Werror to reject unknown flags
configure:16926: gcc -c  -Werror -Wunknown-warning-option -Wsizeof-array-argument  -DMONGOC_ENABLE_SHM_COUNTERS conftest.c >&5
cc1: error: unrecognized command line option '-Wunknown-warning-option'
cc1: error: unrecognized command line option '-Wsizeof-array-argument'
configure:16926: $? = 1
configure: failed program was:
| /* confdefs.h */
| #define PACKAGE_NAME "mongo-c-driver"
| #define PACKAGE_TARNAME "mongo-c-driver"
| #define PACKAGE_VERSION "1.3.5"
| #define PACKAGE_STRING "mongo-c-driver 1.3.5"
| #define PACKAGE_BUGREPORT "https://jira.mongodb.org/browse/CDRIVER"
| #define PACKAGE_URL ""
| #define HAVE_TYPEOF 1
| #define STDC_HEADERS 1
| #define HAVE_SYS_TYPES_H 1
| #define HAVE_SYS_STAT_H 1
| #define HAVE_STDLIB_H 1
| #define HAVE_STRING_H 1
| #define HAVE_MEMORY_H 1
| #define HAVE_STRINGS_H 1
| #define HAVE_INTTYPES_H 1
| #define HAVE_STDINT_H 1
| #define HAVE_UNISTD_H 1
| #define HAVE_DLFCN_H 1
| #define LT_OBJDIR ".libs/"
| #define HAVE_SCHED_GETCPU 1
| #define HAVE_CLOCK_GETTIME 1
| /* end confdefs.h.  */
| int foo(void);
| int
| main ()
| {
| foo()
|   ;
|   return 0;
| }
configure:16931: result: no
configure:16997: checking for the pthreads library -lpthreads
configure:17035: gcc -o conftest     -DMONGOC_ENABLE_SHM_COUNTERS  -lrt conftest.c -lpthreads -lrt  >&5
/usr/bin/ld: cannot find -lpthreads
collect2: ld returned 1 exit status
configure:17035: $? = 1
configure: failed program was:
| /* confdefs.h */
| #define PACKAGE_NAME "mongo-c-driver"
| #define PACKAGE_TARNAME "mongo-c-driver"
| #define PACKAGE_VERSION "1.3.5"
| #define PACKAGE_STRING "mongo-c-driver 1.3.5"
| #define PACKAGE_BUGREPORT "https://jira.mongodb.org/browse/CDRIVER"
| #define PACKAGE_URL ""
| #define HAVE_TYPEOF 1
| #define STDC_HEADERS 1
| #define HAVE_SYS_TYPES_H 1
| #define HAVE_SYS_STAT_H 1
| #define HAVE_STDLIB_H 1
| #define HAVE_STRING_H 1
| #define HAVE_MEMORY_H 1
| #define HAVE_STRINGS_H 1
| #define HAVE_INTTYPES_H 1
| #define HAVE_STDINT_H 1
| #define HAVE_UNISTD_H 1
| #define HAVE_DLFCN_H 1
| #define LT_OBJDIR ".libs/"
| #define HAVE_SCHED_GETCPU 1
| #define HAVE_CLOCK_GETTIME 1
| /* end confdefs.h.  */
| #include <pthread.h>
|                         static void routine(void *a) { a = 0; }
|                         static void *start_routine(void *a) { return a; }
| int
| main ()
| {
| pthread_t th; pthread_attr_t attr;
|                         pthread_create(&th, 0, start_routine, 0);
|                         pthread_join(th, 0);
|                         pthread_attr_init(&attr);
|                         pthread_cleanup_push(routine, 0);
|                         pthread_cleanup_pop(0) /* ; */
|   ;
|   return 0;
| }
configure:17044: result: no
configure:16942: checking whether pthreads work without any flags
configure:17035: gcc -o conftest     -DMONGOC_ENABLE_SHM_COUNTERS  -lrt conftest.c  -lrt  >&5
/tmp/ccz82lFH.o: In function `main':
conftest.c:(.text+0x51): undefined reference to `pthread_create'
conftest.c:(.text+0x62): undefined reference to `pthread_join'
conftest.c:(.text+0xca): undefined reference to `__pthread_register_cancel'
conftest.c:(.text+0xd9): undefined reference to `__pthread_unregister_cancel'
collect2: ld returned 1 exit status
configure:17035: $? = 1
configure: failed program was:
| /* confdefs.h */
| #define PACKAGE_NAME "mongo-c-driver"
| #define PACKAGE_TARNAME "mongo-c-driver"
| #define PACKAGE_VERSION "1.3.5"
| #define PACKAGE_STRING "mongo-c-driver 1.3.5"
| #define PACKAGE_BUGREPORT "https://jira.mongodb.org/browse/CDRIVER"
| #define PACKAGE_URL ""
| #define HAVE_TYPEOF 1
| #define STDC_HEADERS 1
| #define HAVE_SYS_TYPES_H 1
| #define HAVE_SYS_STAT_H 1
| #define HAVE_STDLIB_H 1
| #define HAVE_STRING_H 1
| #define HAVE_MEMORY_H 1
| #define HAVE_STRINGS_H 1
| #define HAVE_INTTYPES_H 1
| #define HAVE_STDINT_H 1
| #define HAVE_UNISTD_H 1
| #define HAVE_DLFCN_H 1
| #define LT_OBJDIR ".libs/"
| #define HAVE_SCHED_GETCPU 1
| #define HAVE_CLOCK_GETTIME 1
| /* end confdefs.h.  */
| #include <pthread.h>
|                         static void routine(void *a) { a = 0; }
|                         static void *start_routine(void *a) { return a; }
| int
| main ()
| {
| pthread_t th; pthread_attr_t attr;
|                         pthread_create(&th, 0, start_routine, 0);
|                         pthread_join(th, 0);
|                         pthread_attr_init(&attr);
|                         pthread_cleanup_push(routine, 0);
|                         pthread_cleanup_pop(0) /* ; */
|   ;
|   return 0;
| }
configure:17044: result: no
configure:16947: checking whether pthreads work with -Kthread
configure:17035: gcc -o conftest  -Kthread   -DMONGOC_ENABLE_SHM_COUNTERS  -lrt conftest.c  -lrt  >&5
gcc: error: unrecognized option '-Kthread'
configure:17035: $? = 1
configure: failed program was:
| /* confdefs.h */
| #define PACKAGE_NAME "mongo-c-driver"
| #define PACKAGE_TARNAME "mongo-c-driver"
| #define PACKAGE_VERSION "1.3.5"
| #define PACKAGE_STRING "mongo-c-driver 1.3.5"
| #define PACKAGE_BUGREPORT "https://jira.mongodb.org/browse/CDRIVER"
| #define PACKAGE_URL ""
| #define HAVE_TYPEOF 1
| #define STDC_HEADERS 1
| #define HAVE_SYS_TYPES_H 1
| #define HAVE_SYS_STAT_H 1
| #define HAVE_STDLIB_H 1
| #define HAVE_STRING_H 1
| #define HAVE_MEMORY_H 1
| #define HAVE_STRINGS_H 1
| #define HAVE_INTTYPES_H 1
| #define HAVE_STDINT_H 1
| #define HAVE_UNISTD_H 1
| #define HAVE_DLFCN_H 1
| #define LT_OBJDIR ".libs/"
| #define HAVE_SCHED_GETCPU 1
| #define HAVE_CLOCK_GETTIME 1
| /* end confdefs.h.  */
| #include <pthread.h>
|                         static void routine(void *a) { a = 0; }
|                         static void *start_routine(void *a) { return a; }
| int
| main ()
| {
| pthread_t th; pthread_attr_t attr;
|                         pthread_create(&th, 0, start_routine, 0);
|                         pthread_join(th, 0);
|                         pthread_attr_init(&attr);
|                         pthread_cleanup_push(routine, 0);
|                         pthread_cleanup_pop(0) /* ; */
|   ;
|   return 0;
| }
configure:17044: result: no
configure:16947: checking whether pthreads work with -kthread
configure:17035: gcc -o conftest  -kthread   -DMONGOC_ENABLE_SHM_COUNTERS  -lrt conftest.c  -lrt  >&5
gcc: error: unrecognized option '-kthread'
configure:17035: $? = 1
configure: failed program was:
| /* confdefs.h */
| #define PACKAGE_NAME "mongo-c-driver"
| #define PACKAGE_TARNAME "mongo-c-driver"
| #define PACKAGE_VERSION "1.3.5"
| #define PACKAGE_STRING "mongo-c-driver 1.3.5"
| #define PACKAGE_BUGREPORT "https://jira.mongodb.org/browse/CDRIVER"
| #define PACKAGE_URL ""
| #define HAVE_TYPEOF 1
| #define STDC_HEADERS 1
| #define HAVE_SYS_TYPES_H 1
| #define HAVE_SYS_STAT_H 1
| #define HAVE_STDLIB_H 1
| #define HAVE_STRING_H 1
| #define HAVE_MEMORY_H 1
| #define HAVE_STRINGS_H 1
| #define HAVE_INTTYPES_H 1
| #define HAVE_STDINT_H 1
| #define HAVE_UNISTD_H 1
| #define HAVE_DLFCN_H 1
| #define LT_OBJDIR ".libs/"
| #define HAVE_SCHED_GETCPU 1
| #define HAVE_CLOCK_GETTIME 1
| /* end confdefs.h.  */
| #include <pthread.h>
|                         static void routine(void *a) { a = 0; }
|                         static void *start_routine(void *a) { return a; }
| int
| main ()
| {
| pthread_t th; pthread_attr_t attr;
|                         pthread_create(&th, 0, start_routine, 0);
|                         pthread_join(th, 0);
|                         pthread_attr_init(&attr);
|                         pthread_cleanup_push(routine, 0);
|                         pthread_cleanup_pop(0) /* ; */
|   ;
|   return 0;
| }
configure:17044: result: no
configure:16997: checking for the pthreads library -llthread
configure:17035: gcc -o conftest     -DMONGOC_ENABLE_SHM_COUNTERS  -lrt conftest.c -llthread -lrt  >&5
/usr/bin/ld: cannot find -llthread
collect2: ld returned 1 exit status
configure:17035: $? = 1
configure: failed program was:
| /* confdefs.h */
| #define PACKAGE_NAME "mongo-c-driver"
| #define PACKAGE_TARNAME "mongo-c-driver"
| #define PACKAGE_VERSION "1.3.5"
| #define PACKAGE_STRING "mongo-c-driver 1.3.5"
| #define PACKAGE_BUGREPORT "https://jira.mongodb.org/browse/CDRIVER"
| #define PACKAGE_URL ""
| #define HAVE_TYPEOF 1
| #define STDC_HEADERS 1
| #define HAVE_SYS_TYPES_H 1
| #define HAVE_SYS_STAT_H 1
| #define HAVE_STDLIB_H 1
| #define HAVE_STRING_H 1
| #define HAVE_MEMORY_H 1
| #define HAVE_STRINGS_H 1
| #define HAVE_INTTYPES_H 1
| #define HAVE_STDINT_H 1
| #define HAVE_UNISTD_H 1
| #define HAVE_DLFCN_H 1
| #define LT_OBJDIR ".libs/"
| #define HAVE_SCHED_GETCPU 1
| #define HAVE_CLOCK_GETTIME 1
| /* end confdefs.h.  */
| #include <pthread.h>
|                         static void routine(void *a) { a = 0; }
|                         static void *start_routine(void *a) { return a; }
| int
| main ()
| {
| pthread_t th; pthread_attr_t attr;
|                         pthread_create(&th, 0, start_routine, 0);
|                         pthread_join(th, 0);
|                         pthread_attr_init(&attr);
|                         pthread_cleanup_push(routine, 0);
|                         pthread_cleanup_pop(0) /* ; */
|   ;
|   return 0;
| }
configure:17044: result: no
configure:16947: checking whether pthreads work with -pthread
configure:17035: gcc -o conftest  -pthread   -DMONGOC_ENABLE_SHM_COUNTERS  -lrt conftest.c  -lrt  >&5
configure:17035: $? = 0
configure:17044: result: yes
configure:17063: checking for joinable pthread attribute
configure:17078: gcc -o conftest  -pthread  -DMONGOC_ENABLE_SHM_COUNTERS  -lrt conftest.c  -lrt  >&5
configure:17078: $? = 0
configure:17084: result: PTHREAD_CREATE_JOINABLE
configure:17094: checking if more special flags are required for pthreads
configure:17109: result: no
configure:17115: checking for PTHREAD_PRIO_INHERIT
configure:17132: gcc -o conftest  -pthread  -DMONGOC_ENABLE_SHM_COUNTERS  -lrt conftest.c  -lrt  >&5
conftest.c: In function 'main':
conftest.c:28:9: error: 'PTHREAD_PRIO_INHERIT' undeclared (first use in this function)
conftest.c:28:9: note: each undeclared identifier is reported only once for each function it appears in
configure:17132: $? = 1
configure: failed program was:
| /* confdefs.h */
| #define PACKAGE_NAME "mongo-c-driver"
| #define PACKAGE_TARNAME "mongo-c-driver"
| #define PACKAGE_VERSION "1.3.5"
| #define PACKAGE_STRING "mongo-c-driver 1.3.5"
| #define PACKAGE_BUGREPORT "https://jira.mongodb.org/browse/CDRIVER"
| #define PACKAGE_URL ""
| #define HAVE_TYPEOF 1
| #define STDC_HEADERS 1
| #define HAVE_SYS_TYPES_H 1
| #define HAVE_SYS_STAT_H 1
| #define HAVE_STDLIB_H 1
| #define HAVE_STRING_H 1
| #define HAVE_MEMORY_H 1
| #define HAVE_STRINGS_H 1
| #define HAVE_INTTYPES_H 1
| #define HAVE_STDINT_H 1
| #define HAVE_UNISTD_H 1
| #define HAVE_DLFCN_H 1
| #define LT_OBJDIR ".libs/"
| #define HAVE_SCHED_GETCPU 1
| #define HAVE_CLOCK_GETTIME 1
| /* end confdefs.h.  */
| #include <pthread.h>
| int
| main ()
| {
| int i = PTHREAD_PRIO_INHERIT;
|   ;
|   return 0;
| }
configure:17141: result: no
configure:17275: checking whether C compiler accepts -fno-strict-overflow
configure:17294: ./scripts/wrap-compiler-for-flag-check gcc -c  -Werror  -fno-strict-overflow  -DMONGOC_ENABLE_SHM_COUNTERS conftest.c >&5
./configure: line 1707: ./scripts/wrap-compiler-for-flag-check: No such file or directory
configure:17294: $? = 127
configure: failed program was:
| /* confdefs.h */
| #define PACKAGE_NAME "mongo-c-driver"
| #define PACKAGE_TARNAME "mongo-c-driver"
| #define PACKAGE_VERSION "1.3.5"
| #define PACKAGE_STRING "mongo-c-driver 1.3.5"
| #define PACKAGE_BUGREPORT "https://jira.mongodb.org/browse/CDRIVER"
| #define PACKAGE_URL ""
| #define HAVE_TYPEOF 1
| #define STDC_HEADERS 1
| #define HAVE_SYS_TYPES_H 1
| #define HAVE_SYS_STAT_H 1
| #define HAVE_STDLIB_H 1
| #define HAVE_STRING_H 1
| #define HAVE_MEMORY_H 1
| #define HAVE_STRINGS_H 1
| #define HAVE_INTTYPES_H 1
| #define HAVE_STDINT_H 1
| #define HAVE_UNISTD_H 1
| #define HAVE_DLFCN_H 1
| #define LT_OBJDIR ".libs/"
| #define HAVE_SCHED_GETCPU 1
| #define HAVE_CLOCK_GETTIME 1
| #define HAVE_PTHREAD 1
| /* end confdefs.h.  */
| 
| int
| main ()
| {
| 
|   ;
|   return 0;
| }
configure:17302: result: no
configure:17370: checking whether C compiler accepts -D_FORTIFY_SOURCE=2
configure:17389: ./scripts/wrap-compiler-for-flag-check gcc -c  -Werror  -D_FORTIFY_SOURCE=2  -DMONGOC_ENABLE_SHM_COUNTERS conftest.c >&5
./configure: line 1707: ./scripts/wrap-compiler-for-flag-check: No such file or directory
configure:17389: $? = 127
configure: failed program was:
| /* confdefs.h */
| #define PACKAGE_NAME "mongo-c-driver"
| #define PACKAGE_TARNAME "mongo-c-driver"
| #define PACKAGE_VERSION "1.3.5"
| #define PACKAGE_STRING "mongo-c-driver 1.3.5"
| #define PACKAGE_BUGREPORT "https://jira.mongodb.org/browse/CDRIVER"
| #define PACKAGE_URL ""
| #define HAVE_TYPEOF 1
| #define STDC_HEADERS 1
| #define HAVE_SYS_TYPES_H 1
| #define HAVE_SYS_STAT_H 1
| #define HAVE_STDLIB_H 1
| #define HAVE_STRING_H 1
| #define HAVE_MEMORY_H 1
| #define HAVE_STRINGS_H 1
| #define HAVE_INTTYPES_H 1
| #define HAVE_STDINT_H 1
| #define HAVE_UNISTD_H 1
| #define HAVE_DLFCN_H 1
| #define LT_OBJDIR ".libs/"
| #define HAVE_SCHED_GETCPU 1
| #define HAVE_CLOCK_GETTIME 1
| #define HAVE_PTHREAD 1
| /* end confdefs.h.  */
| 
| int
| main ()
| {
| 
|   ;
|   return 0;
| }
configure:17397: result: no
configure:17464: checking whether C compiler accepts -fstack-protector-all
configure:17483: ./scripts/wrap-compiler-for-flag-check gcc -c  -Werror  -fstack-protector-all  -DMONGOC_ENABLE_SHM_COUNTERS conftest.c >&5
./configure: line 1707: ./scripts/wrap-compiler-for-flag-check: No such file or directory
configure:17483: $? = 127
configure: failed program was:
| /* confdefs.h */
| #define PACKAGE_NAME "mongo-c-driver"
| #define PACKAGE_TARNAME "mongo-c-driver"
| #define PACKAGE_VERSION "1.3.5"
| #define PACKAGE_STRING "mongo-c-driver 1.3.5"
| #define PACKAGE_BUGREPORT "https://jira.mongodb.org/browse/CDRIVER"
| #define PACKAGE_URL ""
| #define HAVE_TYPEOF 1
| #define STDC_HEADERS 1
| #define HAVE_SYS_TYPES_H 1
| #define HAVE_SYS_STAT_H 1
| #define HAVE_STDLIB_H 1
| #define HAVE_STRING_H 1
| #define HAVE_MEMORY_H 1
| #define HAVE_STRINGS_H 1
| #define HAVE_INTTYPES_H 1
| #define HAVE_STDINT_H 1
| #define HAVE_UNISTD_H 1
| #define HAVE_DLFCN_H 1
| #define LT_OBJDIR ".libs/"
| #define HAVE_SCHED_GETCPU 1
| #define HAVE_CLOCK_GETTIME 1
| #define HAVE_PTHREAD 1
| /* end confdefs.h.  */
| 
| int
| main ()
| {
| 
|   ;
|   return 0;
| }
configure:17491: result: no
configure:17782: checking whether C compiler accepts -fPIE
configure:17801: ./scripts/wrap-compiler-for-flag-check gcc -c  -Werror  -fPIE  -DMONGOC_ENABLE_SHM_COUNTERS conftest.c >&5
./configure: line 1707: ./scripts/wrap-compiler-for-flag-check: No such file or directory
configure:17801: $? = 127
configure: failed program was:
| /* confdefs.h */
| #define PACKAGE_NAME "mongo-c-driver"
| #define PACKAGE_TARNAME "mongo-c-driver"
| #define PACKAGE_VERSION "1.3.5"
| #define PACKAGE_STRING "mongo-c-driver 1.3.5"
| #define PACKAGE_BUGREPORT "https://jira.mongodb.org/browse/CDRIVER"
| #define PACKAGE_URL ""
| #define HAVE_TYPEOF 1
| #define STDC_HEADERS 1
| #define HAVE_SYS_TYPES_H 1
| #define HAVE_SYS_STAT_H 1
| #define HAVE_STDLIB_H 1
| #define HAVE_STRING_H 1
| #define HAVE_MEMORY_H 1
| #define HAVE_STRINGS_H 1
| #define HAVE_INTTYPES_H 1
| #define HAVE_STDINT_H 1
| #define HAVE_UNISTD_H 1
| #define HAVE_DLFCN_H 1
| #define LT_OBJDIR ".libs/"
| #define HAVE_SCHED_GETCPU 1
| #define HAVE_CLOCK_GETTIME 1
| #define HAVE_PTHREAD 1
| /* end confdefs.h.  */
| 
| int
| main ()
| {
| 
|   ;
|   return 0;
| }
configure:17809: result: no
configure:17942: checking whether the linker accepts -Wl,-z,relro
configure:17961: ./scripts/wrap-compiler-for-flag-check gcc -o conftest   -DMONGOC_ENABLE_SHM_COUNTERS  -lrt -Werror  -Wl,-z,relro conftest.c -lrt  >&5
./configure: line 1783: ./scripts/wrap-compiler-for-flag-check: No such file or directory
configure:17961: $? = 127
configure: failed program was:
| /* confdefs.h */
| #define PACKAGE_NAME "mongo-c-driver"
| #define PACKAGE_TARNAME "mongo-c-driver"
| #define PACKAGE_VERSION "1.3.5"
| #define PACKAGE_STRING "mongo-c-driver 1.3.5"
| #define PACKAGE_BUGREPORT "https://jira.mongodb.org/browse/CDRIVER"
| #define PACKAGE_URL ""
| #define HAVE_TYPEOF 1
| #define STDC_HEADERS 1
| #define HAVE_SYS_TYPES_H 1
| #define HAVE_SYS_STAT_H 1
| #define HAVE_STDLIB_H 1
| #define HAVE_STRING_H 1
| #define HAVE_MEMORY_H 1
| #define HAVE_STRINGS_H 1
| #define HAVE_INTTYPES_H 1
| #define HAVE_STDINT_H 1
| #define HAVE_UNISTD_H 1
| #define HAVE_DLFCN_H 1
| #define LT_OBJDIR ".libs/"
| #define HAVE_SCHED_GETCPU 1
| #define HAVE_CLOCK_GETTIME 1
| #define HAVE_PTHREAD 1
| /* end confdefs.h.  */
| 
| int
| main ()
| {
| 
|   ;
|   return 0;
| }
configure:17970: result: no
configure:20274: checking whether the linker accepts -Wl,-Bsymbolic
configure:20293: gcc -o conftest   -DMONGOC_ENABLE_SHM_COUNTERS  -lrt -Werror  -Wl,-Bsymbolic conftest.c -lrt  >&5
configure:20293: $? = 0
configure:20302: result: yes
configure:20368: checking if LD -Wl,--version-script works
configure:20386: gcc -o conftest  -O2  -DMONGOC_ENABLE_SHM_COUNTERS  -lrt -Wl,--version-script=conftest.map conftest.c -lrt  >&5
/usr/bin/ld:conftest.map:2: syntax error in VERSION script
collect2: ld returned 1 exit status
configure:20386: $? = 1
configure: failed program was:
| /* confdefs.h */
| #define PACKAGE_NAME "mongo-c-driver"
| #define PACKAGE_TARNAME "mongo-c-driver"
| #define PACKAGE_VERSION "1.3.5"
| #define PACKAGE_STRING "mongo-c-driver 1.3.5"
| #define PACKAGE_BUGREPORT "https://jira.mongodb.org/browse/CDRIVER"
| #define PACKAGE_URL ""
| #define HAVE_TYPEOF 1
| #define STDC_HEADERS 1
| #define HAVE_SYS_TYPES_H 1
| #define HAVE_SYS_STAT_H 1
| #define HAVE_STDLIB_H 1
| #define HAVE_STRING_H 1
| #define HAVE_MEMORY_H 1
| #define HAVE_STRINGS_H 1
| #define HAVE_INTTYPES_H 1
| #define HAVE_STDINT_H 1
| #define HAVE_UNISTD_H 1
| #define HAVE_DLFCN_H 1
| #define LT_OBJDIR ".libs/"
| #define HAVE_SCHED_GETCPU 1
| #define HAVE_CLOCK_GETTIME 1
| #define HAVE_PTHREAD 1
| /* end confdefs.h.  */
| 
| int
| main ()
| {
| 
|   ;
|   return 0;
| }
configure:20414: gcc -o conftest  -O2  -DMONGOC_ENABLE_SHM_COUNTERS  -lrt -Wl,--version-script=conftest.map conftest.c -lrt  >&5
configure:20414: $? = 0
configure:20426: result: yes
configure:20439: checking if weak symbols are supported
configure:20456: gcc -o conftest  -O2  -DMONGOC_ENABLE_SHM_COUNTERS  -lrt conftest.c -lrt  >&5
configure:20456: $? = 0
configure:20457: result: yes
configure:20486: checking whether build environment is sane
configure:20541: result: yes
configure:20689: checking for a thread-safe mkdir -p
configure:20728: result: /bin/mkdir -p
configure:20731: checking whether make sets $(MAKE)
configure:20753: result: yes
configure:20783: checking for style of include used by make
configure:20811: result: GNU
configure:20845: checking whether make supports nested variables
configure:20862: result: yes
configure:20951: checking whether UID '0' is supported by ustar format
configure:20954: result: yes
configure:20961: checking whether GID '0' is supported by ustar format
configure:20964: result: yes
configure:20972: checking how to create a ustar tar archive
configure:20983: tar --version
tar (GNU tar) 1.26
Copyright (C) 2011 Free Software Foundation, Inc.
License GPLv3+: GNU GPL version 3 or later <http://gnu.org/licenses/gpl.html>.
This is free software: you are free to change and redistribute it.
There is NO WARRANTY, to the extent permitted by law.

Written by John Gilmore and Jay Fenlason.
configure:20986: $? = 0
configure:21026: tardir=conftest.dir && eval tar --format=ustar -chf - "$tardir" >conftest.tar
configure:21029: $? = 0
configure:21033: tar -xf - <conftest.tar
configure:21036: $? = 0
configure:21038: cat conftest.dir/file
GrepMe
configure:21041: $? = 0
configure:21054: result: gnutar
configure:21063: checking dependency style of gcc
configure:21174: result: gcc3
configure:21191: checking dependency style of g++
configure:21302: result: gcc3
configure:21360: checking whether to enable maintainer-specific portions of Makefiles
configure:21369: result: yes
configure:21393: checking whether make supports nested variables
configure:21410: result: yes
configure:21939: checking that generated files are newer than configure
configure:21945: result: done
configure:22048: creating ./config.status

## ---------------------- ##
## Running config.status. ##
## ---------------------- ##

This file was extended by mongo-c-driver config.status 1.3.5, which was
generated by GNU Autoconf 2.69.  Invocation command line was

  CONFIG_FILES    = 
  CONFIG_HEADERS  = 
  CONFIG_LINKS    = 
  CONFIG_COMMANDS = 
  $ ./config.status 

on localhost

config.status:1170: creating Makefile
config.status:1170: creating build/version
config.status:1170: creating src/libmongoc-1.0.pc
config.status:1170: creating src/libmongoc-ssl-1.0.pc
config.status:1170: creating src/libmongoc-priv.pc
config.status:1170: creating src/mongoc/mongoc-config.h
config.status:1170: creating src/mongoc/mongoc-version.h
config.status:1170: creating doc/installing.page
config.status:1170: creating doc/mongoc_version.page
config.status:1342: executing libtool commands
config.status:1342: executing depfiles commands
configure:24429: === configuring in src/libbson (/root/tool/mongo-c-driver-1.3.5/src/libbson)
configure:24492: running /bin/bash ./configure --disable-option-checking '--prefix=/usr/local'  --cache-file=/dev/null --srcdir=.

## ---------------- ##
## Cache variables. ##
## ---------------- ##

ac_cv_build=x86_64-unknown-linux-gnu
ac_cv_c_compiler_gnu=yes
ac_cv_c_const=yes
ac_cv_c_inline=inline
ac_cv_c_typeof=typeof
ac_cv_cxx_compiler_gnu=yes
ac_cv_env_BSON_CFLAGS_set=
ac_cv_env_BSON_CFLAGS_value=
ac_cv_env_BSON_LIBS_set=
ac_cv_env_BSON_LIBS_value=
ac_cv_env_CCC_set=
ac_cv_env_CCC_value=
ac_cv_env_CC_set=
ac_cv_env_CC_value=
ac_cv_env_CFLAGS_set=
ac_cv_env_CFLAGS_value=
ac_cv_env_CPPFLAGS_set=
ac_cv_env_CPPFLAGS_value=
ac_cv_env_CPP_set=
ac_cv_env_CPP_value=
ac_cv_env_CXXCPP_set=
ac_cv_env_CXXCPP_value=
ac_cv_env_CXXFLAGS_set=
ac_cv_env_CXXFLAGS_value=
ac_cv_env_CXX_set=
ac_cv_env_CXX_value=
ac_cv_env_LDFLAGS_set=
ac_cv_env_LDFLAGS_value=
ac_cv_env_LIBS_set=
ac_cv_env_LIBS_value=
ac_cv_env_PKG_CONFIG_LIBDIR_set=
ac_cv_env_PKG_CONFIG_LIBDIR_value=
ac_cv_env_PKG_CONFIG_PATH_set=
ac_cv_env_PKG_CONFIG_PATH_value=
ac_cv_env_PKG_CONFIG_set=
ac_cv_env_PKG_CONFIG_value=
ac_cv_env_SASL_CFLAGS_set=
ac_cv_env_SASL_CFLAGS_value=
ac_cv_env_SASL_LIBS_set=
ac_cv_env_SASL_LIBS_value=
ac_cv_env_SSL_CFLAGS_set=
ac_cv_env_SSL_CFLAGS_value=
ac_cv_env_SSL_LIBS_set=
ac_cv_env_SSL_LIBS_value=
ac_cv_env_build_alias_set=
ac_cv_env_build_alias_value=
ac_cv_env_host_alias_set=
ac_cv_env_host_alias_value=
ac_cv_env_target_alias_set=
ac_cv_env_target_alias_value=
ac_cv_func_sched_getcpu=yes
ac_cv_func_shm_open=no
ac_cv_header_dlfcn_h=yes
ac_cv_header_inttypes_h=yes
ac_cv_header_memory_h=yes
ac_cv_header_sasl_sasl_h=yes
ac_cv_header_stdc=yes
ac_cv_header_stdint_h=yes
ac_cv_header_stdlib_h=yes
ac_cv_header_string_h=yes
ac_cv_header_strings_h=yes
ac_cv_header_sys_stat_h=yes
ac_cv_header_sys_types_h=yes
ac_cv_header_unistd_h=yes
ac_cv_host=x86_64-unknown-linux-gnu
ac_cv_lib_rt_shm_open=yes
ac_cv_lib_sasl2_sasl_client_done=yes
ac_cv_lib_sasl2_sasl_client_init=yes
ac_cv_lib_sasl_sasl_client_init=no
ac_cv_objext=o
ac_cv_path_EGREP='/bin/grep -E'
ac_cv_path_FGREP='/bin/grep -F'
ac_cv_path_GREP=/bin/grep
ac_cv_path_MV=/bin/mv
ac_cv_path_PERL=/usr/bin/perl
ac_cv_path_SED=/bin/sed
ac_cv_path_ac_pt_PKG_CONFIG=/usr/bin/pkg-config
ac_cv_path_install='/usr/bin/install -c'
ac_cv_path_mkdir=/bin/mkdir
ac_cv_prog_AWK=mawk
ac_cv_prog_CPP='gcc -E'
ac_cv_prog_CXXCPP='g++ -E'
ac_cv_prog_ac_ct_AR=ar
ac_cv_prog_ac_ct_CC=gcc
ac_cv_prog_ac_ct_CXX=g++
ac_cv_prog_ac_ct_DLLTOOL=dlltool
ac_cv_prog_ac_ct_MANIFEST_TOOL=mt
ac_cv_prog_ac_ct_OBJDUMP=objdump
ac_cv_prog_ac_ct_RANLIB=ranlib
ac_cv_prog_ac_ct_STRIP=strip
ac_cv_prog_cc_c89=
ac_cv_prog_cc_g=yes
ac_cv_prog_cxx_g=yes
ac_cv_prog_make_make_set=yes
ac_cv_search_clock_gettime=-lrt
ac_cv_target=x86_64-unknown-linux-gnu
am_cv_CC_dependencies_compiler_type=gcc3
am_cv_CXX_dependencies_compiler_type=gcc3
am_cv_make_support_nested_variables=yes
am_cv_prog_cc_c_o=yes
am_cv_prog_tar_ustar=gnutar
ax_cv_PTHREAD_PRIO_INHERIT=no
ax_cv_check_cflags__Werror___D_FORTIFY_SOURCE_2=no
ax_cv_check_cflags__Werror___fPIE=no
ax_cv_check_cflags__Werror___fno_strict_overflow=no
ax_cv_check_cflags__Werror___fstack_protector_all=no
ax_cv_check_ldflags__Werror___Wl__Bsymbolic=yes
ax_cv_check_ldflags__Werror___Wl__z_relro=no
lt_cv_ar_at_file=@
lt_cv_archive_cmds_need_lc=no
lt_cv_deplibs_check_method=pass_all
lt_cv_file_magic_cmd='$MAGIC_CMD'
lt_cv_file_magic_test_file=
lt_cv_ld_reload_flag=-r
lt_cv_nm_interface='BSD nm'
lt_cv_objdir=.libs
lt_cv_path_LD=/usr/bin/ld
lt_cv_path_LDCXX='/usr/bin/ld -m elf_x86_64'
lt_cv_path_NM='/usr/bin/nm -B'
lt_cv_path_mainfest_tool=no
lt_cv_prog_compiler_c_o=yes
lt_cv_prog_compiler_c_o_CXX=yes
lt_cv_prog_compiler_pic='-fPIC -DPIC'
lt_cv_prog_compiler_pic_CXX='-fPIC -DPIC'
lt_cv_prog_compiler_pic_works=yes
lt_cv_prog_compiler_pic_works_CXX=yes
lt_cv_prog_compiler_rtti_exceptions=no
lt_cv_prog_compiler_static_works=yes
lt_cv_prog_compiler_static_works_CXX=yes
lt_cv_prog_gnu_ld=yes
lt_cv_prog_gnu_ldcxx=yes
lt_cv_sharedlib_from_linklib_cmd='printf %s\n'
lt_cv_shlibpath_overrides_runpath=no
lt_cv_sys_global_symbol_pipe='sed -n -e '\''s/^.*[	 ]\([ABCDGIRSTW][ABCDGIRSTW]*\)[	 ][	 ]*\([_A-Za-z][_A-Za-z0-9]*\)$/\1 \2 \2/p'\'' | sed '\''/ __gnu_lto/d'\'''
lt_cv_sys_global_symbol_to_c_name_address='sed -n -e '\''s/^: \([^ ]*\)[ ]*$/  {\"\1\", (void *) 0},/p'\'' -e '\''s/^[ABCDGIRSTW]* \([^ ]*\) \([^ ]*\)$/  {"\2", (void *) \&\2},/p'\'''
lt_cv_sys_global_symbol_to_c_name_address_lib_prefix='sed -n -e '\''s/^: \([^ ]*\)[ ]*$/  {\"\1\", (void *) 0},/p'\'' -e '\''s/^[ABCDGIRSTW]* \([^ ]*\) \(lib[^ ]*\)$/  {"\2", (void *) \&\2},/p'\'' -e '\''s/^[ABCDGIRSTW]* \([^ ]*\) \([^ ]*\)$/  {"lib\2", (void *) \&\2},/p'\'''
lt_cv_sys_global_symbol_to_cdecl='sed -n -e '\''s/^T .* \(.*\)$/extern int \1();/p'\'' -e '\''s/^[ABCDGIRSTW]* .* \(.*\)$/extern char \1;/p'\'''
lt_cv_sys_max_cmd_len=1572864
lt_cv_to_host_file_cmd=func_convert_file_noop
lt_cv_to_tool_file_cmd=func_convert_file_noop
pkg_cv_SSL_CFLAGS=' '
pkg_cv_SSL_LIBS='-lssl -lcrypto  '

## ----------------- ##
## Output variables. ##
## ----------------- ##

ACLOCAL='${SHELL} /root/tool/mongo-c-driver-1.3.5/build/autotools/missing aclocal-1.14'
ACLOCAL_AMFLAGS='-I build/autotools'
AMDEPBACKSLASH='\'
AMDEP_FALSE='#'
AMDEP_TRUE=''
AMTAR='$${TAR-tar}'
AM_BACKSLASH='\'
AM_DEFAULT_V='$(AM_DEFAULT_VERBOSITY)'
AM_DEFAULT_VERBOSITY='0'
AM_V='$(V)'
AR='ar'
AS='as'
AUTOCONF='${SHELL} /root/tool/mongo-c-driver-1.3.5/build/autotools/missing autoconf'
AUTOHEADER='${SHELL} /root/tool/mongo-c-driver-1.3.5/build/autotools/missing autoheader'
AUTOMAKE='${SHELL} /root/tool/mongo-c-driver-1.3.5/build/autotools/missing automake-1.14'
AWK='mawk'
BSON_CFLAGS='-I./src/libbson/src/bson -Isrc/libbson/src/bson'
BSON_LIBS='src/libbson/libbson-1.0.la'
BSON_OS='1'
CC='gcc'
CCDEPMODE='depmode=gcc3'
CFLAGS=' -O2'
COMPILER_CLANG_FALSE=''
COMPILER_CLANG_TRUE='#'
COMPILER_GCC_FALSE=''
COMPILER_GCC_TRUE='#'
COVERAGE_CFLAGS=''
COVERAGE_LDFLAGS=''
CPP='gcc -E'
CPPFLAGS=' -DMONGOC_ENABLE_SHM_COUNTERS'
CXX='g++'
CXXCPP='g++ -E'
CXXDEPMODE='depmode=gcc3'
CXXFLAGS=''
CYGPATH_W='echo'
DEFS='-DPACKAGE_NAME=\"mongo-c-driver\" -DPACKAGE_TARNAME=\"mongo-c-driver\" -DPACKAGE_VERSION=\"1.3.5\" -DPACKAGE_STRING=\"mongo-c-driver\ 1.3.5\" -DPACKAGE_BUGREPORT=\"https://jira.mongodb.org/browse/CDRIVER\" -DPACKAGE_URL=\"\" -DHAVE_TYPEOF=1 -DSTDC_HEADERS=1 -DHAVE_SYS_TYPES_H=1 -DHAVE_SYS_STAT_H=1 -DHAVE_STDLIB_H=1 -DHAVE_STRING_H=1 -DHAVE_MEMORY_H=1 -DHAVE_STRINGS_H=1 -DHAVE_INTTYPES_H=1 -DHAVE_STDINT_H=1 -DHAVE_UNISTD_H=1 -DHAVE_DLFCN_H=1 -DLT_OBJDIR=\".libs/\" -DHAVE_SCHED_GETCPU=1 -DHAVE_CLOCK_GETTIME=1 -DHAVE_PTHREAD=1 -DPACKAGE=\"mongo-c-driver\" -DVERSION=\"1.3.5\"'
DEPDIR='.deps'
DLLTOOL='dlltool'
DSYMUTIL=''
DUMPBIN=''
ECHO_C=''
ECHO_N='-n'
ECHO_T=''
EGREP='/bin/grep -E'
ENABLE_DEBUG_FALSE=''
ENABLE_DEBUG_TRUE='#'
ENABLE_EXAMPLES_FALSE='#'
ENABLE_EXAMPLES_TRUE=''
ENABLE_HTML_DOCS_FALSE=''
ENABLE_HTML_DOCS_TRUE='#'
ENABLE_LIBBSON_FALSE='#'
ENABLE_LIBBSON_TRUE=''
ENABLE_MAN_PAGES_FALSE=''
ENABLE_MAN_PAGES_TRUE='#'
ENABLE_PTHREADS_FALSE=''
ENABLE_PTHREADS_TRUE='#'
ENABLE_SASL_FALSE='#'
ENABLE_SASL_TRUE=''
ENABLE_SSL_FALSE='#'
ENABLE_SSL_TRUE=''
ENABLE_STDBOOL_FALSE=''
ENABLE_STDBOOL_TRUE='#'
ENABLE_TESTS_FALSE='#'
ENABLE_TESTS_TRUE=''
EXEEXT=''
EXPLICIT_LIBS_FALSE='#'
EXPLICIT_LIBS_TRUE=''
FGREP='/bin/grep -F'
GREP='/bin/grep'
HARDEN_CFLAGS=''
HARDEN_LDFLAGS=''
HAVE_LD_VERSION_SCRIPT_FALSE='#'
HAVE_LD_VERSION_SCRIPT_TRUE=''
INSTALL_DATA='${INSTALL} -m 644'
INSTALL_PROGRAM='${INSTALL}'
INSTALL_SCRIPT='${INSTALL}'
INSTALL_STRIP_PROGRAM='$(install_sh) -c -s'
LD='/usr/bin/ld -m elf_x86_64'
LDFLAGS=' -lrt'
LIBC_FEATURES='-D_GNU_SOURCE'
LIBOBJS=''
LIBS='-lrt '
LIBTOOL='$(SHELL) $(top_builddir)/libtool'
LIPO=''
LN_S='ln -s'
LTLIBOBJS=''
MAINT=''
MAINTAINER_MODE_FALSE='#'
MAINTAINER_MODE_TRUE=''
MAKEINFO='${SHELL} /root/tool/mongo-c-driver-1.3.5/build/autotools/missing makeinfo'
MANIFEST_TOOL=':'
MKDIR_P='/bin/mkdir -p'
MONGOC_API_VERSION='1.0'
MONGOC_ENABLE_SASL='1'
MONGOC_ENABLE_SSL='1'
MONGOC_HAVE_SASL_CLIENT_DONE='1'
MONGOC_HAVE_WEAK_SYMBOLS='1'
MONGOC_MAJOR_VERSION='1'
MONGOC_MICRO_VERSION='5'
MONGOC_MINOR_VERSION='3'
MONGOC_NO_AUTOMATIC_GLOBALS='0'
MONGOC_PRERELEASE_VERSION=''
MONGOC_RELEASED_MAJOR_VERSION='1'
MONGOC_RELEASED_MICRO_VERSION='5'
MONGOC_RELEASED_MINOR_VERSION='3'
MONGOC_RELEASED_PRERELEASE_VERSION=''
MONGOC_RELEASED_VERSION='1.3.5'
MONGOC_VERSION='1.3.5'
MV='/bin/mv'
NM='/usr/bin/nm -B'
NMEDIT=''
OBJDUMP='objdump'
OBJEXT='o'
OPTIMIZE_CFLAGS=''
OPTIMIZE_LDFLAGS=' -Wl,-Bsymbolic'
OS_DARWIN_FALSE=''
OS_DARWIN_TRUE='#'
OS_FREEBSD_FALSE=''
OS_FREEBSD_TRUE='#'
OS_GNU_FALSE='#'
OS_GNU_TRUE=''
OS_LINUX_FALSE='#'
OS_LINUX_TRUE=''
OS_SOLARIS_FALSE=''
OS_SOLARIS_TRUE='#'
OS_UNIX_FALSE='#'
OS_UNIX_TRUE=''
OS_WIN32_FALSE=''
OS_WIN32_TRUE='#'
OTOOL64=''
OTOOL=''
PACKAGE='mongo-c-driver'
PACKAGE_BUGREPORT='https://jira.mongodb.org/browse/CDRIVER'
PACKAGE_NAME='mongo-c-driver'
PACKAGE_STRING='mongo-c-driver 1.3.5'
PACKAGE_TARNAME='mongo-c-driver'
PACKAGE_URL=''
PACKAGE_VERSION='1.3.5'
PATH_SEPARATOR=':'
PERL='/usr/bin/perl'
PKG_CONFIG='/usr/bin/pkg-config'
PKG_CONFIG_LIBDIR=''
PKG_CONFIG_PATH=''
PTHREAD_CC='gcc'
PTHREAD_CFLAGS='-pthread'
PTHREAD_LIBS=''
RANLIB='ranlib'
SASL_CFLAGS=''
SASL_LIBS='-lsasl2'
SED='/bin/sed'
SET_MAKE=''
SHELL='/bin/bash'
SHM_LIB='-lrt'
SSL_CFLAGS=' '
SSL_LIBS='-lssl -lcrypto  '
STRIP='strip'
VERSION='1.3.5'
WITH_LIBBSON_FALSE='#'
WITH_LIBBSON_TRUE=''
YELP_BUILD=''
ac_ct_AR='ar'
ac_ct_CC='gcc'
ac_ct_CXX='g++'
ac_ct_DUMPBIN=''
am__EXEEXT_FALSE=''
am__EXEEXT_TRUE='#'
am__fastdepCC_FALSE='#'
am__fastdepCC_TRUE=''
am__fastdepCXX_FALSE='#'
am__fastdepCXX_TRUE=''
am__include='include'
am__isrc=''
am__leading_dot='.'
am__nodep='_no'
am__quote=''
am__tar='tar --format=ustar -chf - "$$tardir"'
am__untar='tar -xf -'
ax_pthread_config=''
bindir='${exec_prefix}/bin'
build='x86_64-unknown-linux-gnu'
build_alias=''
build_cpu='x86_64'
build_os='linux-gnu'
build_vendor='unknown'
datadir='${datarootdir}'
datarootdir='${prefix}/share'
docdir='${datarootdir}/doc/${PACKAGE_TARNAME}'
dvidir='${docdir}'
exec_prefix='${prefix}'
host='x86_64-unknown-linux-gnu'
host_alias=''
host_cpu='x86_64'
host_os='linux-gnu'
host_vendor='unknown'
htmldir='${docdir}'
includedir='${prefix}/include'
infodir='${datarootdir}/info'
install_sh='${SHELL} /root/tool/mongo-c-driver-1.3.5/build/autotools/install-sh'
libdir='${exec_prefix}/lib'
libexecdir='${exec_prefix}/libexec'
localedir='${datarootdir}/locale'
localstatedir='${prefix}/var'
mandir='${datarootdir}/man'
mkdir_p='$(MKDIR_P)'
oldincludedir='/usr/include'
pdfdir='${docdir}'
prefix='/usr/local'
program_transform_name='s,x,x,'
psdir='${docdir}'
sbindir='${exec_prefix}/sbin'
sharedstatedir='${prefix}/com'
subdirs=' src/libbson'
sysconfdir='${prefix}/etc'
target='x86_64-unknown-linux-gnu'
target_alias=''
target_cpu='x86_64'
target_os='linux-gnu'
target_vendor='unknown'

## ----------- ##
## confdefs.h. ##
## ----------- ##

/* confdefs.h */
#define PACKAGE_NAME "mongo-c-driver"
#define PACKAGE_TARNAME "mongo-c-driver"
#define PACKAGE_VERSION "1.3.5"
#define PACKAGE_STRING "mongo-c-driver 1.3.5"
#define PACKAGE_BUGREPORT "https://jira.mongodb.org/browse/CDRIVER"
#define PACKAGE_URL ""
#define HAVE_TYPEOF 1
#define STDC_HEADERS 1
#define HAVE_SYS_TYPES_H 1
#define HAVE_SYS_STAT_H 1
#define HAVE_STDLIB_H 1
#define HAVE_STRING_H 1
#define HAVE_MEMORY_H 1
#define HAVE_STRINGS_H 1
#define HAVE_INTTYPES_H 1
#define HAVE_STDINT_H 1
#define HAVE_UNISTD_H 1
#define HAVE_DLFCN_H 1
#define LT_OBJDIR ".libs/"
#define HAVE_SCHED_GETCPU 1
#define HAVE_CLOCK_GETTIME 1
#define HAVE_PTHREAD 1
#define PACKAGE "mongo-c-driver"
#define VERSION "1.3.5"

configure: exit 0
